<?xml version="1.0" encoding="UTF-8"?>
<!-- Generated by org.testng.reporters.JUnitReportReporter -->
<testsuite hostname="LAPTOP-QATENE4T" failures="0" tests="1" name="ecommerceproject.Amazon" time="28.382" errors="0" timestamp="2023-08-04T20:20:40 IST" skipped="0">
  <testcase classname="ecommerceproject.Amazon" name="amazonTest" time="28.382"/>
  <system-out>
    <![CDATA[opening amazon]]>
  </system-out>
</testsuite> <!-- ecommerceproject.Amazon -->
